<?xml version="1.0" encoding="UTF-8"?>
<!-- Generated by org.testng.reporters.JUnitReportReporter -->
<testsuite hostname="LAPTOP-UVQ73HPU" failures="0" tests="1" name="org.sample.Sample" time="0.011" errors="0" timestamp="07 Jun 2022 13:48:18 GMT" skipped="0">
  <testcase classname="org.sample.Sample" name="test1" time="0.011"/>
</testsuite> <!-- org.sample.Sample -->
